<?xml version="1.0" encoding="UTF-8"?>
<!-- Generated by org.testng.reporters.JUnitReportReporter -->
<testsuite hostname="DESKTOP-0BC8ILQ" failures="0" tests="13" name="com.qc.pom.test.POMTest" time="8.029" errors="0" timestamp="2022-09-29T20:10:33 IST" skipped="0">
  <testcase classname="com.qc.pom.test.POMTest" name="doLogin" time="0.429"/>
  <system-out/>
  <testcase classname="com.qc.pom.test.POMTest" name="doLogin" time="0.414"/>
  <system-out/>
  <testcase classname="com.qc.pom.test.POMTest" name="doLogin" time="0.619"/>
  <system-out/>
  <testcase classname="com.qc.pom.test.POMTest" name="doLogin" time="1.439"/>
  <system-out/>
  <testcase classname="com.qc.pom.test.POMTest" name="doLogin" time="0.348"/>
  <system-out/>
  <testcase classname="com.qc.pom.test.POMTest" name="doRegister" time="0.920"/>
  <system-out/>
  <testcase classname="com.qc.pom.test.POMTest" name="doRegister" time="0.698"/>
  <system-out/>
  <testcase classname="com.qc.pom.test.POMTest" name="doRegister" time="0.617"/>
  <system-out/>
  <testcase classname="com.qc.pom.test.POMTest" name="doRegister" time="0.577"/>
  <system-out/>
  <testcase classname="com.qc.pom.test.POMTest" name="doLogin" time="0.411"/>
  <system-out/>
  <testcase classname="com.qc.pom.test.POMTest" name="doLogin" time="0.421"/>
  <system-out/>
  <testcase classname="com.qc.pom.test.POMTest" name="doRegister" time="0.577"/>
  <system-out/>
  <testcase classname="com.qc.pom.test.POMTest" name="doRegister" time="0.559"/>
  <system-out/>
</testsuite> <!-- com.qc.pom.test.POMTest -->
